C:\Program Files (x86)\Microsoft Visual Studio\2017\Community\Common7\IDE\VC\VCTargets\Microsoft.Cpp.Common.props(144,5): warning MSB4211: The property "WindowsTargetPlatformVersion" is being set to a value for the first time, but it was already consumed at "C:\Program Files (x86)\Microsoft Visual Studio\2017\Community\Common7\IDE\VC\VCTargets\Microsoft.Cpp.WindowsSDK.props (29,5)".
C:\Program Files (x86)\Microsoft Visual Studio\2017\Community\Common7\IDE\VC\VCTargets\Microsoft.Cpp.Common.props(144,5): warning MSB4211: The property "WindowsTargetPlatformVersion" is being set to a value for the first time, but it was already consumed at "C:\Program Files (x86)\Microsoft Visual Studio\2017\Community\Common7\IDE\VC\VCTargets\Microsoft.Cpp.WindowsSDK.props (29,5)".
C:\Program Files (x86)\Microsoft Visual Studio\2017\Community\Common7\IDE\VC\VCTargets\Microsoft.Cpp.Common.props(144,5): warning MSB4211: The property "WindowsTargetPlatformVersion" is being set to a value for the first time, but it was already consumed at "C:\Program Files (x86)\Microsoft Visual Studio\2017\Community\Common7\IDE\VC\VCTargets\Microsoft.Cpp.WindowsSDK.props (29,5)".
C:\Program Files (x86)\Microsoft Visual Studio\2017\Community\Common7\IDE\VC\VCTargets\Microsoft.Cpp.Common.props(144,5): warning MSB4211: The property "WindowsTargetPlatformVersion" is being set to a value for the first time, but it was already consumed at "C:\Program Files (x86)\Microsoft Visual Studio\2017\Community\Common7\IDE\VC\VCTargets\Microsoft.Cpp.WindowsSDK.props (29,5)".
C:\Program Files (x86)\Microsoft Visual Studio\2017\Community\Common7\IDE\VC\VCTargets\Microsoft.Cpp.Common.props(144,5): warning MSB4211: The property "WindowsTargetPlatformVersion" is being set to a value for the first time, but it was already consumed at "C:\Program Files (x86)\Microsoft Visual Studio\2017\Community\Common7\IDE\VC\VCTargets\Microsoft.Cpp.WindowsSDK.props (29,5)".
C:\Program Files (x86)\Microsoft Visual Studio\2017\Community\Common7\IDE\VC\VCTargets\Microsoft.Cpp.Common.props(144,5): warning MSB4211: The property "WindowsTargetPlatformVersion" is being set to a value for the first time, but it was already consumed at "C:\Program Files (x86)\Microsoft Visual Studio\2017\Community\Common7\IDE\VC\VCTargets\Microsoft.Cpp.WindowsSDK.props (29,5)".
  l_struct.c
  l_script.c
  l_precomp.c
c:\users\kenny\source\repos\rtcw-sp-master\src\botlib\l_precomp.c(725): warning C4133: 'function': incompatible types - from 'unsigned long *' to 'const time_t *const '
c:\users\kenny\source\repos\rtcw-sp-master\src\botlib\l_precomp.c(740): warning C4133: 'function': incompatible types - from 'unsigned long *' to 'const time_t *const '
  l_memory.c
  l_log.c
  l_libvar.c
  l_crc.c
  be_interface.c
  be_ea.c
  be_ai_weight.c
  be_ai_weap.c
  be_ai_move.c
  be_ai_goal.c
  be_ai_gen.c
  be_ai_chat.c
  be_ai_char.c
  be_aas_sample.c
  be_aas_routetable.c
  be_aas_routealt.c
  be_aas_route.c
C:\Program Files (x86)\Microsoft Visual Studio\2017\Community\Common7\IDE\VC\VCTargets\Microsoft.Cpp.Common.props(144,5): warning MSB4211: The property "WindowsTargetPlatformVersion" is being set to a value for the first time, but it was already consumed at "C:\Program Files (x86)\Microsoft Visual Studio\2017\Community\Common7\IDE\VC\VCTargets\Microsoft.Cpp.WindowsSDK.props (29,5)".
C:\Program Files (x86)\Microsoft Visual Studio\2017\Community\Common7\IDE\VC\VCTargets\Microsoft.Cpp.Common.props(144,5): warning MSB4211: The property "WindowsTargetPlatformVersion" is being set to a value for the first time, but it was already consumed at "C:\Program Files (x86)\Microsoft Visual Studio\2017\Community\Common7\IDE\VC\VCTargets\Microsoft.Cpp.WindowsSDK.props (29,5)".
  Generating Code...
  Compiling...
  be_aas_reach.c
  be_aas_optimize.c
  be_aas_move.c
  be_aas_main.c
  be_aas_file.c
  be_aas_entity.c
  be_aas_debug.c
  be_aas_cluster.c
  be_aas_bspq3.c
  Generating Code...
  botlib.vcxproj -> C:\Users\kenny\source\repos\RTCW-SP-master\src\botlib\.\Debug\botlib.lib
