c:\users\kenny\source\repos\rtcw-sp-master\src\ui\debug\ui.bsc
c:\users\kenny\source\repos\rtcw-sp-master\src\ui\debug\vc141.pdb
c:\users\kenny\source\repos\rtcw-sp-master\src\ui\debug\vc141.idb
c:\users\kenny\source\repos\rtcw-sp-master\src\ui\debug\ui_util.sbr
c:\users\kenny\source\repos\rtcw-sp-master\src\ui\debug\ui_syscalls.sbr
c:\users\kenny\source\repos\rtcw-sp-master\src\ui\debug\ui_shared.sbr
c:\users\kenny\source\repos\rtcw-sp-master\src\ui\debug\ui_players.sbr
c:\users\kenny\source\repos\rtcw-sp-master\src\ui\debug\ui_main.sbr
c:\users\kenny\source\repos\rtcw-sp-master\src\ui\debug\ui_gameinfo.sbr
c:\users\kenny\source\repos\rtcw-sp-master\src\ui\debug\ui_atoms.sbr
c:\users\kenny\source\repos\rtcw-sp-master\src\ui\debug\q_shared.sbr
c:\users\kenny\source\repos\rtcw-sp-master\src\ui\debug\q_math.sbr
c:\users\kenny\source\repos\rtcw-sp-master\src\ui\debug\bg_misc.sbr
c:\users\kenny\source\repos\rtcw-sp-master\src\ui\debug\bg_lib.sbr
c:\users\kenny\source\repos\rtcw-sp-master\src\ui\debug\bg_lib.obj
c:\users\kenny\source\repos\rtcw-sp-master\src\ui\debug\bg_misc.obj
c:\users\kenny\source\repos\rtcw-sp-master\src\ui\debug\q_math.obj
c:\users\kenny\source\repos\rtcw-sp-master\src\ui\debug\q_shared.obj
c:\users\kenny\source\repos\rtcw-sp-master\src\ui\debug\ui_atoms.obj
c:\users\kenny\source\repos\rtcw-sp-master\src\ui\debug\ui_gameinfo.obj
c:\users\kenny\source\repos\rtcw-sp-master\src\ui\debug\ui_main.obj
c:\users\kenny\source\repos\rtcw-sp-master\src\ui\debug\ui_players.obj
c:\users\kenny\source\repos\rtcw-sp-master\src\ui\debug\ui_shared.obj
c:\users\kenny\source\repos\rtcw-sp-master\src\ui\debug\ui_syscalls.obj
c:\users\kenny\source\repos\rtcw-sp-master\src\ui\debug\ui_util.obj
c:\users\kenny\source\repos\rtcw-sp-master\src\debug\uix86.ilk
c:\users\kenny\source\repos\rtcw-sp-master\src\debug\uix86.dll
c:\users\kenny\source\repos\rtcw-sp-master\src\ui\debug\uix86.map
c:\users\kenny\source\repos\rtcw-sp-master\src\debug\ui.pdb
c:\users\kenny\source\repos\rtcw-sp-master\src\ui\debug\uix86.lib
c:\users\kenny\source\repos\rtcw-sp-master\src\ui\debug\uix86.exp
c:\users\kenny\source\repos\rtcw-sp-master\src\ui\debug\ui.tlog\bscmake.command.1.tlog
c:\users\kenny\source\repos\rtcw-sp-master\src\ui\debug\ui.tlog\bscmake.read.1.tlog
c:\users\kenny\source\repos\rtcw-sp-master\src\ui\debug\ui.tlog\bscmake.write.1.tlog
c:\users\kenny\source\repos\rtcw-sp-master\src\ui\debug\ui.tlog\cl.command.1.tlog
c:\users\kenny\source\repos\rtcw-sp-master\src\ui\debug\ui.tlog\cl.read.1.tlog
c:\users\kenny\source\repos\rtcw-sp-master\src\ui\debug\ui.tlog\cl.write.1.tlog
c:\users\kenny\source\repos\rtcw-sp-master\src\ui\debug\ui.tlog\link.command.1.tlog
c:\users\kenny\source\repos\rtcw-sp-master\src\ui\debug\ui.tlog\link.read.1.tlog
c:\users\kenny\source\repos\rtcw-sp-master\src\ui\debug\ui.tlog\link.write.1.tlog
c:\users\kenny\source\repos\rtcw-sp-master\src\ui\debug\ui.tlog\ui.write.1u.tlog
