c:\users\kenny\source\repos\rtcw-sp-master\src\cgame\debug\cgame.bsc
c:\users\kenny\source\repos\rtcw-sp-master\src\cgame\debug\cgamex86.lib
c:\users\kenny\source\repos\rtcw-sp-master\src\cgame\debug\cgamex86.exp
c:\users\kenny\source\repos\rtcw-sp-master\src\cgame\debug\vc141.pdb
c:\users\kenny\source\repos\rtcw-sp-master\src\cgame\debug\vc141.idb
c:\users\kenny\source\repos\rtcw-sp-master\src\cgame\debug\cg_weapons.sbr
c:\users\kenny\source\repos\rtcw-sp-master\src\cgame\debug\cg_view.sbr
c:\users\kenny\source\repos\rtcw-sp-master\src\cgame\debug\cg_trails.sbr
c:\users\kenny\source\repos\rtcw-sp-master\src\cgame\debug\cg_syscalls.sbr
c:\users\kenny\source\repos\rtcw-sp-master\src\cgame\debug\cg_sound.sbr
c:\users\kenny\source\repos\rtcw-sp-master\src\cgame\debug\cg_snapshot.sbr
c:\users\kenny\source\repos\rtcw-sp-master\src\cgame\debug\cg_servercmds.sbr
c:\users\kenny\source\repos\rtcw-sp-master\src\cgame\debug\cg_scoreboard.sbr
c:\users\kenny\source\repos\rtcw-sp-master\src\cgame\debug\cg_predict.sbr
c:\users\kenny\source\repos\rtcw-sp-master\src\cgame\debug\cg_playerstate.sbr
c:\users\kenny\source\repos\rtcw-sp-master\src\cgame\debug\cg_players.sbr
c:\users\kenny\source\repos\rtcw-sp-master\src\cgame\debug\cg_particles.sbr
c:\users\kenny\source\repos\rtcw-sp-master\src\cgame\debug\cg_newdraw.sbr
c:\users\kenny\source\repos\rtcw-sp-master\src\cgame\debug\cg_marks.sbr
c:\users\kenny\source\repos\rtcw-sp-master\src\cgame\debug\cg_main.sbr
c:\users\kenny\source\repos\rtcw-sp-master\src\cgame\debug\cg_localents.sbr
c:\users\kenny\source\repos\rtcw-sp-master\src\cgame\debug\cg_info.sbr
c:\users\kenny\source\repos\rtcw-sp-master\src\cgame\debug\cg_flamethrower.sbr
c:\users\kenny\source\repos\rtcw-sp-master\src\cgame\debug\cg_event.sbr
c:\users\kenny\source\repos\rtcw-sp-master\src\cgame\debug\cg_ents.sbr
c:\users\kenny\source\repos\rtcw-sp-master\src\cgame\debug\cg_ents.obj
c:\users\kenny\source\repos\rtcw-sp-master\src\cgame\debug\cg_event.obj
c:\users\kenny\source\repos\rtcw-sp-master\src\cgame\debug\cg_flamethrower.obj
c:\users\kenny\source\repos\rtcw-sp-master\src\cgame\debug\cg_info.obj
c:\users\kenny\source\repos\rtcw-sp-master\src\cgame\debug\cg_localents.obj
c:\users\kenny\source\repos\rtcw-sp-master\src\cgame\debug\cg_main.obj
c:\users\kenny\source\repos\rtcw-sp-master\src\cgame\debug\cg_marks.obj
c:\users\kenny\source\repos\rtcw-sp-master\src\cgame\debug\cg_newdraw.obj
c:\users\kenny\source\repos\rtcw-sp-master\src\cgame\debug\cg_particles.obj
c:\users\kenny\source\repos\rtcw-sp-master\src\cgame\debug\cg_players.obj
c:\users\kenny\source\repos\rtcw-sp-master\src\cgame\debug\cg_playerstate.obj
c:\users\kenny\source\repos\rtcw-sp-master\src\cgame\debug\cg_predict.obj
c:\users\kenny\source\repos\rtcw-sp-master\src\cgame\debug\cg_scoreboard.obj
c:\users\kenny\source\repos\rtcw-sp-master\src\cgame\debug\cg_servercmds.obj
c:\users\kenny\source\repos\rtcw-sp-master\src\cgame\debug\cg_snapshot.obj
c:\users\kenny\source\repos\rtcw-sp-master\src\cgame\debug\cg_sound.obj
c:\users\kenny\source\repos\rtcw-sp-master\src\cgame\debug\cg_syscalls.obj
c:\users\kenny\source\repos\rtcw-sp-master\src\cgame\debug\cg_trails.obj
c:\users\kenny\source\repos\rtcw-sp-master\src\cgame\debug\cg_view.obj
c:\users\kenny\source\repos\rtcw-sp-master\src\cgame\debug\cg_weapons.obj
c:\users\kenny\source\repos\rtcw-sp-master\src\cgame\debug\cg_effects.sbr
c:\users\kenny\source\repos\rtcw-sp-master\src\cgame\debug\cg_drawtools.sbr
c:\users\kenny\source\repos\rtcw-sp-master\src\cgame\debug\cg_draw.sbr
c:\users\kenny\source\repos\rtcw-sp-master\src\cgame\debug\cg_consolecmds.sbr
c:\users\kenny\source\repos\rtcw-sp-master\src\cgame\debug\ui_shared.sbr
c:\users\kenny\source\repos\rtcw-sp-master\src\cgame\debug\q_shared.sbr
c:\users\kenny\source\repos\rtcw-sp-master\src\cgame\debug\q_math.sbr
c:\users\kenny\source\repos\rtcw-sp-master\src\cgame\debug\bg_slidemove.sbr
c:\users\kenny\source\repos\rtcw-sp-master\src\cgame\debug\bg_pmove.sbr
c:\users\kenny\source\repos\rtcw-sp-master\src\cgame\debug\bg_misc.sbr
c:\users\kenny\source\repos\rtcw-sp-master\src\cgame\debug\bg_lib.sbr
c:\users\kenny\source\repos\rtcw-sp-master\src\cgame\debug\bg_animation.sbr
c:\users\kenny\source\repos\rtcw-sp-master\src\cgame\debug\bg_animation.obj
c:\users\kenny\source\repos\rtcw-sp-master\src\cgame\debug\bg_lib.obj
c:\users\kenny\source\repos\rtcw-sp-master\src\cgame\debug\bg_misc.obj
c:\users\kenny\source\repos\rtcw-sp-master\src\cgame\debug\bg_pmove.obj
c:\users\kenny\source\repos\rtcw-sp-master\src\cgame\debug\bg_slidemove.obj
c:\users\kenny\source\repos\rtcw-sp-master\src\cgame\debug\q_math.obj
c:\users\kenny\source\repos\rtcw-sp-master\src\cgame\debug\q_shared.obj
c:\users\kenny\source\repos\rtcw-sp-master\src\cgame\debug\ui_shared.obj
c:\users\kenny\source\repos\rtcw-sp-master\src\cgame\debug\cg_consolecmds.obj
c:\users\kenny\source\repos\rtcw-sp-master\src\cgame\debug\cg_draw.obj
c:\users\kenny\source\repos\rtcw-sp-master\src\cgame\debug\cg_drawtools.obj
c:\users\kenny\source\repos\rtcw-sp-master\src\cgame\debug\cg_effects.obj
c:\users\kenny\source\repos\rtcw-sp-master\src\debug\cgamex86.ilk
c:\users\kenny\source\repos\rtcw-sp-master\src\debug\cgamex86.dll
c:\users\kenny\source\repos\rtcw-sp-master\src\cgame\debug\cgamex86.map
c:\users\kenny\source\repos\rtcw-sp-master\src\cgame\debug\cgamex86.pdb
c:\users\kenny\source\repos\rtcw-sp-master\src\cgame\debug\cgame.tlog\bscmake.command.1.tlog
c:\users\kenny\source\repos\rtcw-sp-master\src\cgame\debug\cgame.tlog\bscmake.read.1.tlog
c:\users\kenny\source\repos\rtcw-sp-master\src\cgame\debug\cgame.tlog\bscmake.write.1.tlog
c:\users\kenny\source\repos\rtcw-sp-master\src\cgame\debug\cgame.tlog\cgame.write.1u.tlog
c:\users\kenny\source\repos\rtcw-sp-master\src\cgame\debug\cgame.tlog\cl.command.1.tlog
c:\users\kenny\source\repos\rtcw-sp-master\src\cgame\debug\cgame.tlog\cl.read.1.tlog
c:\users\kenny\source\repos\rtcw-sp-master\src\cgame\debug\cgame.tlog\cl.write.1.tlog
c:\users\kenny\source\repos\rtcw-sp-master\src\cgame\debug\cgame.tlog\link.command.1.tlog
c:\users\kenny\source\repos\rtcw-sp-master\src\cgame\debug\cgame.tlog\link.read.1.tlog
c:\users\kenny\source\repos\rtcw-sp-master\src\cgame\debug\cgame.tlog\link.write.1.tlog
