c:\users\kenny\source\repos\rtcw-sp-master\src\game\debug\game.bsc
c:\users\kenny\source\repos\rtcw-sp-master\src\game\debug\vc141.pdb
c:\users\kenny\source\repos\rtcw-sp-master\src\game\debug\vc141.idb
c:\users\kenny\source\repos\rtcw-sp-master\src\game\debug\q_shared.sbr
c:\users\kenny\source\repos\rtcw-sp-master\src\game\debug\q_math.sbr
c:\users\kenny\source\repos\rtcw-sp-master\src\game\debug\g_weapon.sbr
c:\users\kenny\source\repos\rtcw-sp-master\src\game\debug\g_utils.sbr
c:\users\kenny\source\repos\rtcw-sp-master\src\game\debug\g_trigger.sbr
c:\users\kenny\source\repos\rtcw-sp-master\src\game\debug\g_tramcar.sbr
c:\users\kenny\source\repos\rtcw-sp-master\src\game\debug\g_team.sbr
c:\users\kenny\source\repos\rtcw-sp-master\src\game\debug\g_target.sbr
c:\users\kenny\source\repos\rtcw-sp-master\src\game\debug\g_syscalls.sbr
c:\users\kenny\source\repos\rtcw-sp-master\src\game\debug\g_svcmds.sbr
c:\users\kenny\source\repos\rtcw-sp-master\src\game\debug\g_spawn.sbr
c:\users\kenny\source\repos\rtcw-sp-master\src\game\debug\g_session.sbr
c:\users\kenny\source\repos\rtcw-sp-master\src\game\debug\g_script_actions.sbr
c:\users\kenny\source\repos\rtcw-sp-master\src\game\debug\g_script.sbr
c:\users\kenny\source\repos\rtcw-sp-master\src\game\debug\g_save.sbr
c:\users\kenny\source\repos\rtcw-sp-master\src\game\debug\g_props.sbr
c:\users\kenny\source\repos\rtcw-sp-master\src\game\debug\g_mover.sbr
c:\users\kenny\source\repos\rtcw-sp-master\src\game\debug\g_missile.sbr
c:\users\kenny\source\repos\rtcw-sp-master\src\game\debug\g_misc.sbr
c:\users\kenny\source\repos\rtcw-sp-master\src\game\debug\g_mem.sbr
c:\users\kenny\source\repos\rtcw-sp-master\src\game\debug\g_mem.obj
c:\users\kenny\source\repos\rtcw-sp-master\src\game\debug\g_misc.obj
c:\users\kenny\source\repos\rtcw-sp-master\src\game\debug\g_missile.obj
c:\users\kenny\source\repos\rtcw-sp-master\src\game\debug\g_mover.obj
c:\users\kenny\source\repos\rtcw-sp-master\src\game\debug\g_props.obj
c:\users\kenny\source\repos\rtcw-sp-master\src\game\debug\g_save.obj
c:\users\kenny\source\repos\rtcw-sp-master\src\game\debug\g_script.obj
c:\users\kenny\source\repos\rtcw-sp-master\src\game\debug\g_script_actions.obj
c:\users\kenny\source\repos\rtcw-sp-master\src\game\debug\g_session.obj
c:\users\kenny\source\repos\rtcw-sp-master\src\game\debug\g_spawn.obj
c:\users\kenny\source\repos\rtcw-sp-master\src\game\debug\g_svcmds.obj
c:\users\kenny\source\repos\rtcw-sp-master\src\game\debug\g_syscalls.obj
c:\users\kenny\source\repos\rtcw-sp-master\src\game\debug\g_target.obj
c:\users\kenny\source\repos\rtcw-sp-master\src\game\debug\g_team.obj
c:\users\kenny\source\repos\rtcw-sp-master\src\game\debug\g_tramcar.obj
c:\users\kenny\source\repos\rtcw-sp-master\src\game\debug\g_trigger.obj
c:\users\kenny\source\repos\rtcw-sp-master\src\game\debug\g_utils.obj
c:\users\kenny\source\repos\rtcw-sp-master\src\game\debug\g_weapon.obj
c:\users\kenny\source\repos\rtcw-sp-master\src\game\debug\q_math.obj
c:\users\kenny\source\repos\rtcw-sp-master\src\game\debug\q_shared.obj
c:\users\kenny\source\repos\rtcw-sp-master\src\game\debug\g_main.sbr
c:\users\kenny\source\repos\rtcw-sp-master\src\game\debug\g_items.sbr
c:\users\kenny\source\repos\rtcw-sp-master\src\game\debug\g_combat.sbr
c:\users\kenny\source\repos\rtcw-sp-master\src\game\debug\g_cmds.sbr
c:\users\kenny\source\repos\rtcw-sp-master\src\game\debug\g_client.sbr
c:\users\kenny\source\repos\rtcw-sp-master\src\game\debug\g_bot.sbr
c:\users\kenny\source\repos\rtcw-sp-master\src\game\debug\g_alarm.sbr
c:\users\kenny\source\repos\rtcw-sp-master\src\game\debug\g_active.sbr
c:\users\kenny\source\repos\rtcw-sp-master\src\game\debug\bg_slidemove.sbr
c:\users\kenny\source\repos\rtcw-sp-master\src\game\debug\bg_pmove.sbr
c:\users\kenny\source\repos\rtcw-sp-master\src\game\debug\bg_misc.sbr
c:\users\kenny\source\repos\rtcw-sp-master\src\game\debug\bg_animation.sbr
c:\users\kenny\source\repos\rtcw-sp-master\src\game\debug\ai_cast_think.sbr
c:\users\kenny\source\repos\rtcw-sp-master\src\game\debug\ai_cast_sight.sbr
c:\users\kenny\source\repos\rtcw-sp-master\src\game\debug\ai_cast_script_ents.sbr
c:\users\kenny\source\repos\rtcw-sp-master\src\game\debug\ai_cast_script_actions.sbr
c:\users\kenny\source\repos\rtcw-sp-master\src\game\debug\ai_cast_script.sbr
c:\users\kenny\source\repos\rtcw-sp-master\src\game\debug\ai_cast_func_boss1.sbr
c:\users\kenny\source\repos\rtcw-sp-master\src\game\debug\ai_cast_func_attack.sbr
c:\users\kenny\source\repos\rtcw-sp-master\src\game\debug\ai_cast_funcs.sbr
c:\users\kenny\source\repos\rtcw-sp-master\src\game\debug\ai_cast_funcs.obj
c:\users\kenny\source\repos\rtcw-sp-master\src\game\debug\ai_cast_func_attack.obj
c:\users\kenny\source\repos\rtcw-sp-master\src\game\debug\ai_cast_func_boss1.obj
c:\users\kenny\source\repos\rtcw-sp-master\src\game\debug\ai_cast_script.obj
c:\users\kenny\source\repos\rtcw-sp-master\src\game\debug\ai_cast_script_actions.obj
c:\users\kenny\source\repos\rtcw-sp-master\src\game\debug\ai_cast_script_ents.obj
c:\users\kenny\source\repos\rtcw-sp-master\src\game\debug\ai_cast_sight.obj
c:\users\kenny\source\repos\rtcw-sp-master\src\game\debug\ai_cast_think.obj
c:\users\kenny\source\repos\rtcw-sp-master\src\game\debug\bg_animation.obj
c:\users\kenny\source\repos\rtcw-sp-master\src\game\debug\bg_misc.obj
c:\users\kenny\source\repos\rtcw-sp-master\src\game\debug\bg_pmove.obj
c:\users\kenny\source\repos\rtcw-sp-master\src\game\debug\bg_slidemove.obj
c:\users\kenny\source\repos\rtcw-sp-master\src\game\debug\g_active.obj
c:\users\kenny\source\repos\rtcw-sp-master\src\game\debug\g_alarm.obj
c:\users\kenny\source\repos\rtcw-sp-master\src\game\debug\g_bot.obj
c:\users\kenny\source\repos\rtcw-sp-master\src\game\debug\g_client.obj
c:\users\kenny\source\repos\rtcw-sp-master\src\game\debug\g_cmds.obj
c:\users\kenny\source\repos\rtcw-sp-master\src\game\debug\g_combat.obj
c:\users\kenny\source\repos\rtcw-sp-master\src\game\debug\g_items.obj
c:\users\kenny\source\repos\rtcw-sp-master\src\game\debug\g_main.obj
c:\users\kenny\source\repos\rtcw-sp-master\src\game\debug\ai_cast_fight.sbr
c:\users\kenny\source\repos\rtcw-sp-master\src\game\debug\ai_cast_events.sbr
c:\users\kenny\source\repos\rtcw-sp-master\src\game\debug\ai_cast_debug.sbr
c:\users\kenny\source\repos\rtcw-sp-master\src\game\debug\ai_cast_characters.sbr
c:\users\kenny\source\repos\rtcw-sp-master\src\game\debug\ai_cast.sbr
c:\users\kenny\source\repos\rtcw-sp-master\src\game\debug\ai_team.sbr
c:\users\kenny\source\repos\rtcw-sp-master\src\game\debug\ai_main.sbr
c:\users\kenny\source\repos\rtcw-sp-master\src\game\debug\ai_dmq3.sbr
c:\users\kenny\source\repos\rtcw-sp-master\src\game\debug\ai_dmnet.sbr
c:\users\kenny\source\repos\rtcw-sp-master\src\game\debug\ai_cmd.sbr
c:\users\kenny\source\repos\rtcw-sp-master\src\game\debug\ai_chat.sbr
c:\users\kenny\source\repos\rtcw-sp-master\src\game\debug\ai_chat.obj
c:\users\kenny\source\repos\rtcw-sp-master\src\game\debug\ai_cmd.obj
c:\users\kenny\source\repos\rtcw-sp-master\src\game\debug\ai_dmnet.obj
c:\users\kenny\source\repos\rtcw-sp-master\src\game\debug\ai_dmq3.obj
c:\users\kenny\source\repos\rtcw-sp-master\src\game\debug\ai_main.obj
c:\users\kenny\source\repos\rtcw-sp-master\src\game\debug\ai_team.obj
c:\users\kenny\source\repos\rtcw-sp-master\src\game\debug\ai_cast.obj
c:\users\kenny\source\repos\rtcw-sp-master\src\game\debug\ai_cast_characters.obj
c:\users\kenny\source\repos\rtcw-sp-master\src\game\debug\ai_cast_debug.obj
c:\users\kenny\source\repos\rtcw-sp-master\src\game\debug\ai_cast_events.obj
c:\users\kenny\source\repos\rtcw-sp-master\src\game\debug\ai_cast_fight.obj
c:\users\kenny\source\repos\rtcw-sp-master\src\game\debug\qagamex86.lib
c:\users\kenny\source\repos\rtcw-sp-master\src\game\debug\qagamex86.exp
c:\users\kenny\source\repos\rtcw-sp-master\src\debug\qagamex86.dll
c:\users\kenny\source\repos\rtcw-sp-master\src\game\debug\qagamex86.map
c:\users\kenny\source\repos\rtcw-sp-master\src\game\debug\qagamex86.pdb
c:\users\kenny\source\repos\rtcw-sp-master\src\game\debug\game.tlog\bscmake.command.1.tlog
c:\users\kenny\source\repos\rtcw-sp-master\src\game\debug\game.tlog\bscmake.read.1.tlog
c:\users\kenny\source\repos\rtcw-sp-master\src\game\debug\game.tlog\bscmake.write.1.tlog
c:\users\kenny\source\repos\rtcw-sp-master\src\game\debug\game.tlog\cl.command.1.tlog
c:\users\kenny\source\repos\rtcw-sp-master\src\game\debug\game.tlog\cl.read.1.tlog
c:\users\kenny\source\repos\rtcw-sp-master\src\game\debug\game.tlog\cl.write.1.tlog
c:\users\kenny\source\repos\rtcw-sp-master\src\game\debug\game.tlog\game.write.1u.tlog
c:\users\kenny\source\repos\rtcw-sp-master\src\game\debug\game.tlog\link.command.1.tlog
c:\users\kenny\source\repos\rtcw-sp-master\src\game\debug\game.tlog\link.read.1.tlog
c:\users\kenny\source\repos\rtcw-sp-master\src\game\debug\game.tlog\link.write.1.tlog
