c:\users\kenny\source\repos\rtcw-sp-master\src\extractfuncs\debug\extractfuncs.bsc
c:\users\kenny\source\repos\rtcw-sp-master\src\extractfuncs\debug\vc141.pdb
c:\users\kenny\source\repos\rtcw-sp-master\src\extractfuncs\debug\vc141.idb
c:\users\kenny\source\repos\rtcw-sp-master\src\extractfuncs\debug\extractfuncs.sbr
c:\users\kenny\source\repos\rtcw-sp-master\src\extractfuncs\debug\l_log.sbr
c:\users\kenny\source\repos\rtcw-sp-master\src\extractfuncs\debug\l_memory.sbr
c:\users\kenny\source\repos\rtcw-sp-master\src\extractfuncs\debug\l_precomp.sbr
c:\users\kenny\source\repos\rtcw-sp-master\src\extractfuncs\debug\l_script.sbr
c:\users\kenny\source\repos\rtcw-sp-master\src\extractfuncs\debug\l_script.obj
c:\users\kenny\source\repos\rtcw-sp-master\src\extractfuncs\debug\l_precomp.obj
c:\users\kenny\source\repos\rtcw-sp-master\src\extractfuncs\debug\l_memory.obj
c:\users\kenny\source\repos\rtcw-sp-master\src\extractfuncs\debug\l_log.obj
c:\users\kenny\source\repos\rtcw-sp-master\src\extractfuncs\debug\extractfuncs.obj
c:\users\kenny\source\repos\rtcw-sp-master\src\extractfuncs\extractfuncs.ilk
c:\users\kenny\source\repos\rtcw-sp-master\src\extractfuncs\extractfuncs.exe
c:\users\kenny\source\repos\rtcw-sp-master\src\extractfuncs\debug\extractfuncs.map
c:\users\kenny\source\repos\rtcw-sp-master\src\extractfuncs\debug\extractfuncs.pdb
c:\users\kenny\source\repos\rtcw-sp-master\src\extractfuncs\debug\extractfuncs.tlog\bscmake.command.1.tlog
c:\users\kenny\source\repos\rtcw-sp-master\src\extractfuncs\debug\extractfuncs.tlog\bscmake.read.1.tlog
c:\users\kenny\source\repos\rtcw-sp-master\src\extractfuncs\debug\extractfuncs.tlog\bscmake.write.1.tlog
c:\users\kenny\source\repos\rtcw-sp-master\src\extractfuncs\debug\extractfuncs.tlog\cl.command.1.tlog
c:\users\kenny\source\repos\rtcw-sp-master\src\extractfuncs\debug\extractfuncs.tlog\cl.read.1.tlog
c:\users\kenny\source\repos\rtcw-sp-master\src\extractfuncs\debug\extractfuncs.tlog\cl.write.1.tlog
c:\users\kenny\source\repos\rtcw-sp-master\src\extractfuncs\debug\extractfuncs.tlog\link.command.1.tlog
c:\users\kenny\source\repos\rtcw-sp-master\src\extractfuncs\debug\extractfuncs.tlog\link.read.1.tlog
c:\users\kenny\source\repos\rtcw-sp-master\src\extractfuncs\debug\extractfuncs.tlog\link.write.1.tlog
