c:\users\kenny\source\repos\rtcw-sp-master\src\renderer\debug\renderer.bsc
c:\users\kenny\source\repos\rtcw-sp-master\src\renderer\debug\renderer.pdb
c:\users\kenny\source\repos\rtcw-sp-master\src\renderer\debug\renderer.idb
c:\users\kenny\source\repos\rtcw-sp-master\src\renderer\debug\tr_world.sbr
c:\users\kenny\source\repos\rtcw-sp-master\src\renderer\debug\tr_surface.sbr
c:\users\kenny\source\repos\rtcw-sp-master\src\renderer\debug\tr_sky.sbr
c:\users\kenny\source\repos\rtcw-sp-master\src\renderer\debug\tr_shadows.sbr
c:\users\kenny\source\repos\rtcw-sp-master\src\renderer\debug\tr_shade_calc.sbr
c:\users\kenny\source\repos\rtcw-sp-master\src\renderer\debug\tr_shader.sbr
c:\users\kenny\source\repos\rtcw-sp-master\src\renderer\debug\tr_shade.sbr
c:\users\kenny\source\repos\rtcw-sp-master\src\renderer\debug\tr_scene.sbr
c:\users\kenny\source\repos\rtcw-sp-master\src\renderer\debug\tr_noise.sbr
c:\users\kenny\source\repos\rtcw-sp-master\src\renderer\debug\tr_model.sbr
c:\users\kenny\source\repos\rtcw-sp-master\src\renderer\debug\tr_mesh.sbr
c:\users\kenny\source\repos\rtcw-sp-master\src\renderer\debug\tr_marks.sbr
c:\users\kenny\source\repos\rtcw-sp-master\src\renderer\debug\tr_main.sbr
c:\users\kenny\source\repos\rtcw-sp-master\src\renderer\debug\tr_light.sbr
c:\users\kenny\source\repos\rtcw-sp-master\src\renderer\debug\tr_init.sbr
c:\users\kenny\source\repos\rtcw-sp-master\src\renderer\debug\tr_image.sbr
c:\users\kenny\source\repos\rtcw-sp-master\src\renderer\debug\tr_font.sbr
c:\users\kenny\source\repos\rtcw-sp-master\src\renderer\debug\tr_flares.sbr
c:\users\kenny\source\repos\rtcw-sp-master\src\renderer\debug\tr_curve.sbr
c:\users\kenny\source\repos\rtcw-sp-master\src\renderer\debug\tr_cmesh.sbr
c:\users\kenny\source\repos\rtcw-sp-master\src\renderer\debug\tr_cmesh.obj
c:\users\kenny\source\repos\rtcw-sp-master\src\renderer\debug\tr_curve.obj
c:\users\kenny\source\repos\rtcw-sp-master\src\renderer\debug\tr_flares.obj
c:\users\kenny\source\repos\rtcw-sp-master\src\renderer\debug\tr_font.obj
c:\users\kenny\source\repos\rtcw-sp-master\src\renderer\debug\tr_image.obj
c:\users\kenny\source\repos\rtcw-sp-master\src\renderer\debug\tr_init.obj
c:\users\kenny\source\repos\rtcw-sp-master\src\renderer\debug\tr_light.obj
c:\users\kenny\source\repos\rtcw-sp-master\src\renderer\debug\tr_main.obj
c:\users\kenny\source\repos\rtcw-sp-master\src\renderer\debug\tr_marks.obj
c:\users\kenny\source\repos\rtcw-sp-master\src\renderer\debug\tr_mesh.obj
c:\users\kenny\source\repos\rtcw-sp-master\src\renderer\debug\tr_model.obj
c:\users\kenny\source\repos\rtcw-sp-master\src\renderer\debug\tr_noise.obj
c:\users\kenny\source\repos\rtcw-sp-master\src\renderer\debug\tr_scene.obj
c:\users\kenny\source\repos\rtcw-sp-master\src\renderer\debug\tr_shade.obj
c:\users\kenny\source\repos\rtcw-sp-master\src\renderer\debug\tr_shader.obj
c:\users\kenny\source\repos\rtcw-sp-master\src\renderer\debug\tr_shade_calc.obj
c:\users\kenny\source\repos\rtcw-sp-master\src\renderer\debug\tr_shadows.obj
c:\users\kenny\source\repos\rtcw-sp-master\src\renderer\debug\tr_sky.obj
c:\users\kenny\source\repos\rtcw-sp-master\src\renderer\debug\tr_surface.obj
c:\users\kenny\source\repos\rtcw-sp-master\src\renderer\debug\tr_world.obj
c:\users\kenny\source\repos\rtcw-sp-master\src\renderer\debug\tr_cmds.sbr
c:\users\kenny\source\repos\rtcw-sp-master\src\renderer\debug\tr_bsp.sbr
c:\users\kenny\source\repos\rtcw-sp-master\src\renderer\debug\tr_backend.sbr
c:\users\kenny\source\repos\rtcw-sp-master\src\renderer\debug\tr_animation.sbr
c:\users\kenny\source\repos\rtcw-sp-master\src\renderer\debug\win_qgl.sbr
c:\users\kenny\source\repos\rtcw-sp-master\src\renderer\debug\win_glimp.sbr
c:\users\kenny\source\repos\rtcw-sp-master\src\renderer\debug\win_gamma.sbr
c:\users\kenny\source\repos\rtcw-sp-master\src\renderer\debug\jutils.sbr
c:\users\kenny\source\repos\rtcw-sp-master\src\renderer\debug\jmemnobs.sbr
c:\users\kenny\source\repos\rtcw-sp-master\src\renderer\debug\jmemmgr.sbr
c:\users\kenny\source\repos\rtcw-sp-master\src\renderer\debug\jidctflt.sbr
c:\users\kenny\source\repos\rtcw-sp-master\src\renderer\debug\jfdctflt.sbr
c:\users\kenny\source\repos\rtcw-sp-master\src\renderer\debug\jerror.sbr
c:\users\kenny\source\repos\rtcw-sp-master\src\renderer\debug\jdtrans.sbr
c:\users\kenny\source\repos\rtcw-sp-master\src\renderer\debug\jdsample.sbr
c:\users\kenny\source\repos\rtcw-sp-master\src\renderer\debug\jdpostct.sbr
c:\users\kenny\source\repos\rtcw-sp-master\src\renderer\debug\jdmaster.sbr
c:\users\kenny\source\repos\rtcw-sp-master\src\renderer\debug\jdmarker.sbr
c:\users\kenny\source\repos\rtcw-sp-master\src\renderer\debug\jdmainct.sbr
c:\users\kenny\source\repos\rtcw-sp-master\src\renderer\debug\jdinput.sbr
c:\users\kenny\source\repos\rtcw-sp-master\src\renderer\debug\jdinput.obj
c:\users\kenny\source\repos\rtcw-sp-master\src\renderer\debug\jdmainct.obj
c:\users\kenny\source\repos\rtcw-sp-master\src\renderer\debug\jdmarker.obj
c:\users\kenny\source\repos\rtcw-sp-master\src\renderer\debug\jdmaster.obj
c:\users\kenny\source\repos\rtcw-sp-master\src\renderer\debug\jdpostct.obj
c:\users\kenny\source\repos\rtcw-sp-master\src\renderer\debug\jdsample.obj
c:\users\kenny\source\repos\rtcw-sp-master\src\renderer\debug\jdtrans.obj
c:\users\kenny\source\repos\rtcw-sp-master\src\renderer\debug\jerror.obj
c:\users\kenny\source\repos\rtcw-sp-master\src\renderer\debug\jfdctflt.obj
c:\users\kenny\source\repos\rtcw-sp-master\src\renderer\debug\jidctflt.obj
c:\users\kenny\source\repos\rtcw-sp-master\src\renderer\debug\jmemmgr.obj
c:\users\kenny\source\repos\rtcw-sp-master\src\renderer\debug\jmemnobs.obj
c:\users\kenny\source\repos\rtcw-sp-master\src\renderer\debug\jutils.obj
c:\users\kenny\source\repos\rtcw-sp-master\src\renderer\debug\win_gamma.obj
c:\users\kenny\source\repos\rtcw-sp-master\src\renderer\debug\win_glimp.obj
c:\users\kenny\source\repos\rtcw-sp-master\src\renderer\debug\win_qgl.obj
c:\users\kenny\source\repos\rtcw-sp-master\src\renderer\debug\tr_animation.obj
c:\users\kenny\source\repos\rtcw-sp-master\src\renderer\debug\tr_backend.obj
c:\users\kenny\source\repos\rtcw-sp-master\src\renderer\debug\tr_bsp.obj
c:\users\kenny\source\repos\rtcw-sp-master\src\renderer\debug\tr_cmds.obj
c:\users\kenny\source\repos\rtcw-sp-master\src\renderer\debug\jdhuff.sbr
c:\users\kenny\source\repos\rtcw-sp-master\src\renderer\debug\jddctmgr.sbr
c:\users\kenny\source\repos\rtcw-sp-master\src\renderer\debug\jdcolor.sbr
c:\users\kenny\source\repos\rtcw-sp-master\src\renderer\debug\jdcoefct.sbr
c:\users\kenny\source\repos\rtcw-sp-master\src\renderer\debug\jdatasrc.sbr
c:\users\kenny\source\repos\rtcw-sp-master\src\renderer\debug\jdatadst.sbr
c:\users\kenny\source\repos\rtcw-sp-master\src\renderer\debug\jdapistd.sbr
c:\users\kenny\source\repos\rtcw-sp-master\src\renderer\debug\jdapimin.sbr
c:\users\kenny\source\repos\rtcw-sp-master\src\renderer\debug\jctrans.sbr
c:\users\kenny\source\repos\rtcw-sp-master\src\renderer\debug\jcsample.sbr
c:\users\kenny\source\repos\rtcw-sp-master\src\renderer\debug\jcprepct.sbr
c:\users\kenny\source\repos\rtcw-sp-master\src\renderer\debug\jcphuff.sbr
c:\users\kenny\source\repos\rtcw-sp-master\src\renderer\debug\jcparam.sbr
c:\users\kenny\source\repos\rtcw-sp-master\src\renderer\debug\jcomapi.sbr
c:\users\kenny\source\repos\rtcw-sp-master\src\renderer\debug\jcmaster.sbr
c:\users\kenny\source\repos\rtcw-sp-master\src\renderer\debug\jcmarker.sbr
c:\users\kenny\source\repos\rtcw-sp-master\src\renderer\debug\jcmainct.sbr
c:\users\kenny\source\repos\rtcw-sp-master\src\renderer\debug\jcinit.sbr
c:\users\kenny\source\repos\rtcw-sp-master\src\renderer\debug\jchuff.sbr
c:\users\kenny\source\repos\rtcw-sp-master\src\renderer\debug\jcdctmgr.sbr
c:\users\kenny\source\repos\rtcw-sp-master\src\renderer\debug\jcdctmgr.obj
c:\users\kenny\source\repos\rtcw-sp-master\src\renderer\debug\jchuff.obj
c:\users\kenny\source\repos\rtcw-sp-master\src\renderer\debug\jcinit.obj
c:\users\kenny\source\repos\rtcw-sp-master\src\renderer\debug\jcmainct.obj
c:\users\kenny\source\repos\rtcw-sp-master\src\renderer\debug\jcmarker.obj
c:\users\kenny\source\repos\rtcw-sp-master\src\renderer\debug\jcmaster.obj
c:\users\kenny\source\repos\rtcw-sp-master\src\renderer\debug\jcomapi.obj
c:\users\kenny\source\repos\rtcw-sp-master\src\renderer\debug\jcparam.obj
c:\users\kenny\source\repos\rtcw-sp-master\src\renderer\debug\jcphuff.obj
c:\users\kenny\source\repos\rtcw-sp-master\src\renderer\debug\jcprepct.obj
c:\users\kenny\source\repos\rtcw-sp-master\src\renderer\debug\jcsample.obj
c:\users\kenny\source\repos\rtcw-sp-master\src\renderer\debug\jctrans.obj
c:\users\kenny\source\repos\rtcw-sp-master\src\renderer\debug\jdapimin.obj
c:\users\kenny\source\repos\rtcw-sp-master\src\renderer\debug\jdapistd.obj
c:\users\kenny\source\repos\rtcw-sp-master\src\renderer\debug\jdatadst.obj
c:\users\kenny\source\repos\rtcw-sp-master\src\renderer\debug\jdatasrc.obj
c:\users\kenny\source\repos\rtcw-sp-master\src\renderer\debug\jdcoefct.obj
c:\users\kenny\source\repos\rtcw-sp-master\src\renderer\debug\jdcolor.obj
c:\users\kenny\source\repos\rtcw-sp-master\src\renderer\debug\jddctmgr.obj
c:\users\kenny\source\repos\rtcw-sp-master\src\renderer\debug\jdhuff.obj
c:\users\kenny\source\repos\rtcw-sp-master\src\renderer\debug\jccolor.sbr
c:\users\kenny\source\repos\rtcw-sp-master\src\renderer\debug\jccoefct.sbr
c:\users\kenny\source\repos\rtcw-sp-master\src\renderer\debug\jcapimin.sbr
c:\users\kenny\source\repos\rtcw-sp-master\src\renderer\debug\ttsbit.sbr
c:\users\kenny\source\repos\rtcw-sp-master\src\renderer\debug\ttpost.sbr
c:\users\kenny\source\repos\rtcw-sp-master\src\renderer\debug\ttpload.sbr
c:\users\kenny\source\repos\rtcw-sp-master\src\renderer\debug\ttobjs.sbr
c:\users\kenny\source\repos\rtcw-sp-master\src\renderer\debug\ttload.sbr
c:\users\kenny\source\repos\rtcw-sp-master\src\renderer\debug\ttinterp.sbr
c:\users\kenny\source\repos\rtcw-sp-master\src\renderer\debug\ttgload.sbr
c:\users\kenny\source\repos\rtcw-sp-master\src\renderer\debug\ttdriver.sbr
c:\users\kenny\source\repos\rtcw-sp-master\src\renderer\debug\ttcmap.sbr
c:\users\kenny\source\repos\rtcw-sp-master\src\renderer\debug\sfobjs.sbr
c:\users\kenny\source\repos\rtcw-sp-master\src\renderer\debug\sfdriver.sbr
c:\users\kenny\source\repos\rtcw-sp-master\src\renderer\debug\ftsystem.sbr
c:\users\kenny\source\repos\rtcw-sp-master\src\renderer\debug\ftstream.sbr
c:\users\kenny\source\repos\rtcw-sp-master\src\renderer\debug\ftsmooth.sbr
c:\users\kenny\source\repos\rtcw-sp-master\src\renderer\debug\ftrend1.sbr
c:\users\kenny\source\repos\rtcw-sp-master\src\renderer\debug\ftraster.sbr
c:\users\kenny\source\repos\rtcw-sp-master\src\renderer\debug\ftoutln.sbr
c:\users\kenny\source\repos\rtcw-sp-master\src\renderer\debug\ftoutln.obj
c:\users\kenny\source\repos\rtcw-sp-master\src\renderer\debug\ftraster.obj
c:\users\kenny\source\repos\rtcw-sp-master\src\renderer\debug\ftrend1.obj
c:\users\kenny\source\repos\rtcw-sp-master\src\renderer\debug\ftsmooth.obj
c:\users\kenny\source\repos\rtcw-sp-master\src\renderer\debug\ftstream.obj
c:\users\kenny\source\repos\rtcw-sp-master\src\renderer\debug\ftsystem.obj
c:\users\kenny\source\repos\rtcw-sp-master\src\renderer\debug\sfdriver.obj
c:\users\kenny\source\repos\rtcw-sp-master\src\renderer\debug\sfobjs.obj
c:\users\kenny\source\repos\rtcw-sp-master\src\renderer\debug\ttcmap.obj
c:\users\kenny\source\repos\rtcw-sp-master\src\renderer\debug\ttdriver.obj
c:\users\kenny\source\repos\rtcw-sp-master\src\renderer\debug\ttgload.obj
c:\users\kenny\source\repos\rtcw-sp-master\src\renderer\debug\ttinterp.obj
c:\users\kenny\source\repos\rtcw-sp-master\src\renderer\debug\ttload.obj
c:\users\kenny\source\repos\rtcw-sp-master\src\renderer\debug\ttobjs.obj
c:\users\kenny\source\repos\rtcw-sp-master\src\renderer\debug\ttpload.obj
c:\users\kenny\source\repos\rtcw-sp-master\src\renderer\debug\ttpost.obj
c:\users\kenny\source\repos\rtcw-sp-master\src\renderer\debug\ttsbit.obj
c:\users\kenny\source\repos\rtcw-sp-master\src\renderer\debug\jcapimin.obj
c:\users\kenny\source\repos\rtcw-sp-master\src\renderer\debug\jccoefct.obj
c:\users\kenny\source\repos\rtcw-sp-master\src\renderer\debug\jccolor.obj
c:\users\kenny\source\repos\rtcw-sp-master\src\renderer\debug\ftobjs.sbr
c:\users\kenny\source\repos\rtcw-sp-master\src\renderer\debug\ftnames.sbr
c:\users\kenny\source\repos\rtcw-sp-master\src\renderer\debug\ftmm.sbr
c:\users\kenny\source\repos\rtcw-sp-master\src\renderer\debug\ftlist.sbr
c:\users\kenny\source\repos\rtcw-sp-master\src\renderer\debug\ftinit.sbr
c:\users\kenny\source\repos\rtcw-sp-master\src\renderer\debug\ftgrays.sbr
c:\users\kenny\source\repos\rtcw-sp-master\src\renderer\debug\ftglyph.sbr
c:\users\kenny\source\repos\rtcw-sp-master\src\renderer\debug\ftextend.sbr
c:\users\kenny\source\repos\rtcw-sp-master\src\renderer\debug\ftdebug.sbr
c:\users\kenny\source\repos\rtcw-sp-master\src\renderer\debug\ftcalc.sbr
c:\users\kenny\source\repos\rtcw-sp-master\src\renderer\debug\ahoptim.sbr
c:\users\kenny\source\repos\rtcw-sp-master\src\renderer\debug\ahmodule.sbr
c:\users\kenny\source\repos\rtcw-sp-master\src\renderer\debug\ahhint.sbr
c:\users\kenny\source\repos\rtcw-sp-master\src\renderer\debug\ahglyph.sbr
c:\users\kenny\source\repos\rtcw-sp-master\src\renderer\debug\ahglobal.sbr
c:\users\kenny\source\repos\rtcw-sp-master\src\renderer\debug\ahangles.sbr
c:\users\kenny\source\repos\rtcw-sp-master\src\renderer\debug\ahangles.obj
c:\users\kenny\source\repos\rtcw-sp-master\src\renderer\debug\ahglobal.obj
c:\users\kenny\source\repos\rtcw-sp-master\src\renderer\debug\ahglyph.obj
c:\users\kenny\source\repos\rtcw-sp-master\src\renderer\debug\ahhint.obj
c:\users\kenny\source\repos\rtcw-sp-master\src\renderer\debug\ahmodule.obj
c:\users\kenny\source\repos\rtcw-sp-master\src\renderer\debug\ahoptim.obj
c:\users\kenny\source\repos\rtcw-sp-master\src\renderer\debug\ftcalc.obj
c:\users\kenny\source\repos\rtcw-sp-master\src\renderer\debug\ftdebug.obj
c:\users\kenny\source\repos\rtcw-sp-master\src\renderer\debug\ftextend.obj
c:\users\kenny\source\repos\rtcw-sp-master\src\renderer\debug\ftglyph.obj
c:\users\kenny\source\repos\rtcw-sp-master\src\renderer\debug\ftgrays.obj
c:\users\kenny\source\repos\rtcw-sp-master\src\renderer\debug\ftinit.obj
c:\users\kenny\source\repos\rtcw-sp-master\src\renderer\debug\ftlist.obj
c:\users\kenny\source\repos\rtcw-sp-master\src\renderer\debug\ftmm.obj
c:\users\kenny\source\repos\rtcw-sp-master\src\renderer\debug\ftnames.obj
c:\users\kenny\source\repos\rtcw-sp-master\src\renderer\debug\ftobjs.obj
c:\users\kenny\source\repos\rtcw-sp-master\src\renderer\debug\renderer.lib
c:\users\kenny\source\repos\rtcw-sp-master\src\renderer\.\debug\renderer.lib
c:\users\kenny\source\repos\rtcw-sp-master\src\renderer\debug\renderer.tlog\bscmake.command.1.tlog
c:\users\kenny\source\repos\rtcw-sp-master\src\renderer\debug\renderer.tlog\bscmake.read.1.tlog
c:\users\kenny\source\repos\rtcw-sp-master\src\renderer\debug\renderer.tlog\bscmake.write.1.tlog
c:\users\kenny\source\repos\rtcw-sp-master\src\renderer\debug\renderer.tlog\cl.command.1.tlog
c:\users\kenny\source\repos\rtcw-sp-master\src\renderer\debug\renderer.tlog\cl.read.1.tlog
c:\users\kenny\source\repos\rtcw-sp-master\src\renderer\debug\renderer.tlog\cl.write.1.tlog
c:\users\kenny\source\repos\rtcw-sp-master\src\renderer\debug\renderer.tlog\lib-link.read.1.tlog
c:\users\kenny\source\repos\rtcw-sp-master\src\renderer\debug\renderer.tlog\lib-link.write.1.tlog
c:\users\kenny\source\repos\rtcw-sp-master\src\renderer\debug\renderer.tlog\lib.command.1.tlog
